<?xml version="1.0" encoding="UTF-8"?>
<testsuite name="AdditionTest" tests="6" skipped="0" failures="0" errors="0" timestamp="2018-02-19T10:58:54" hostname="Aakash-Gupta" time="0.002">
  <properties/>
  <testcase name="testAddList" classname="AdditionTest" time="0.001"/>
  <testcase name="testTheWrapperInt" classname="AdditionTest" time="0.0"/>
  <testcase name="testTheMainMethod" classname="AdditionTest" time="0.0"/>
  <testcase name="testTheSumWithTwoInts" classname="AdditionTest" time="0.0"/>
  <testcase name="canaryTest" classname="AdditionTest" time="0.0"/>
  <testcase name="testTheSumWithTwoFloat" classname="AdditionTest" time="0.0"/>
  <system-out><![CDATA[]]></system-out>
  <system-err><![CDATA[]]></system-err>
</testsuite>
