<?xml version="1.0" encoding="UTF-8"?>
<testsuite name="SubstractionTest" tests="5" skipped="0" failures="0" errors="0" timestamp="2018-02-19T10:58:54" hostname="Aakash-Gupta" time="0.005">
  <properties/>
  <testcase name="testIndexOutOfBoundsException" classname="SubstractionTest" time="0.001"/>
  <testcase name="testTheWrapperInt" classname="SubstractionTest" time="0.0"/>
  <testcase name="testTheMainMethod" classname="SubstractionTest" time="0.0"/>
  <testcase name="canaryTest" classname="SubstractionTest" time="0.0"/>
  <testcase name="testThesubWithTwoFloat" classname="SubstractionTest" time="0.0"/>
  <system-out><![CDATA[]]></system-out>
  <system-err><![CDATA[]]></system-err>
</testsuite>
